0 info it worked if it ends with ok
1 verbose cli [ '/Users/adylevy/.nvm/v6.2.1/bin/node',
1 verbose cli   '/Users/adylevy/.nvm/v6.2.1/bin/npm',
1 verbose cli   'start' ]
2 info using npm@3.9.3
3 info using node@v6.2.1
4 verbose run-script [ 'prestart', 'start', 'poststart' ]
5 info lifecycle todo-widget@1.0.0~prestart: todo-widget@1.0.0
6 silly lifecycle todo-widget@1.0.0~prestart: no script for prestart, continuing
7 info lifecycle todo-widget@1.0.0~start: todo-widget@1.0.0
8 verbose lifecycle todo-widget@1.0.0~start: unsafe-perm in lifecycle true
9 verbose lifecycle todo-widget@1.0.0~start: PATH: /Users/adylevy/.nvm/v6.2.1/lib/node_modules/npm/bin/node-gyp-bin:/Users/adylevy/Downloads/to-do-widget-micro-service/node_modules/.bin:/Users/adylevy/.nvm/v6.2.1/bin:/Users/adylevy/.nvm/v6.2.1/bin:/usr/local/bin:/usr/bin:/bin:/usr/sbin:/sbin
10 verbose lifecycle todo-widget@1.0.0~start: CWD: /Users/adylevy/Downloads/to-do-widget-micro-service
11 silly lifecycle todo-widget@1.0.0~start: Args: [ '-c',
11 silly lifecycle   'node static-service/app.js & node entity-access-service/app.js & node api-service/app.js' ]
12 silly lifecycle todo-widget@1.0.0~start: Returned: code: 1  signal: null
13 info lifecycle todo-widget@1.0.0~start: Failed to exec start script
14 verbose stack Error: todo-widget@1.0.0 start: `node static-service/app.js & node entity-access-service/app.js & node api-service/app.js`
14 verbose stack Exit status 1
14 verbose stack     at EventEmitter.<anonymous> (/Users/adylevy/.nvm/v6.2.1/lib/node_modules/npm/lib/utils/lifecycle.js:245:16)
14 verbose stack     at emitTwo (events.js:106:13)
14 verbose stack     at EventEmitter.emit (events.js:191:7)
14 verbose stack     at ChildProcess.<anonymous> (/Users/adylevy/.nvm/v6.2.1/lib/node_modules/npm/lib/utils/spawn.js:24:14)
14 verbose stack     at emitTwo (events.js:106:13)
14 verbose stack     at ChildProcess.emit (events.js:191:7)
14 verbose stack     at maybeClose (internal/child_process.js:852:16)
14 verbose stack     at Process.ChildProcess._handle.onexit (internal/child_process.js:215:5)
15 verbose pkgid todo-widget@1.0.0
16 verbose cwd /Users/adylevy/Downloads/to-do-widget-micro-service
17 error Darwin 15.5.0
18 error argv "/Users/adylevy/.nvm/v6.2.1/bin/node" "/Users/adylevy/.nvm/v6.2.1/bin/npm" "start"
19 error node v6.2.1
20 error npm  v3.9.3
21 error code ELIFECYCLE
22 error todo-widget@1.0.0 start: `node static-service/app.js & node entity-access-service/app.js & node api-service/app.js`
22 error Exit status 1
23 error Failed at the todo-widget@1.0.0 start script 'node static-service/app.js & node entity-access-service/app.js & node api-service/app.js'.
23 error Make sure you have the latest version of node.js and npm installed.
23 error If you do, this is most likely a problem with the todo-widget package,
23 error not with npm itself.
23 error Tell the author that this fails on your system:
23 error     node static-service/app.js & node entity-access-service/app.js & node api-service/app.js
23 error You can get information on how to open an issue for this project with:
23 error     npm bugs todo-widget
23 error Or if that isn't available, you can get their info via:
23 error     npm owner ls todo-widget
23 error There is likely additional logging output above.
24 verbose exit [ 1, true ]
