0 info it worked if it ends with ok
1 verbose cli [ '/Users/eran/.nvm/versions/node/v5.9.0/bin/node',
1 verbose cli   '/Users/eran/.nvm/versions/node/v5.9.0/bin/npm',
1 verbose cli   'run',
1 verbose cli   'start' ]
2 info using npm@3.7.3
3 info using node@v5.9.0
4 verbose run-script [ 'prestart', 'start', 'poststart' ]
5 info lifecycle todo-widget@1.0.0~prestart: todo-widget@1.0.0
6 silly lifecycle todo-widget@1.0.0~prestart: no script for prestart, continuing
7 info lifecycle todo-widget@1.0.0~start: todo-widget@1.0.0
8 verbose lifecycle todo-widget@1.0.0~start: unsafe-perm in lifecycle true
9 verbose lifecycle todo-widget@1.0.0~start: PATH: /Users/eran/.nvm/versions/node/v5.9.0/lib/node_modules/npm/bin/node-gyp-bin:/Users/eran/Downloads/to-do-widget-micro-service/node_modules/.bin:/Users/eran/.nvm/versions/node/v5.9.0/bin:/usr/local/heroku/bin:/Users/eran/.rvm/gems/ruby-2.2.1/bin:/Users/eran/.rvm/gems/ruby-2.2.1@global/bin:/Users/eran/.rvm/rubies/ruby-2.2.1/bin:/Users/eran/.nvm/versions/node/v5.9.0/bin:/usr/local/bin:/usr/local/sbin:/usr/bin:/bin:/usr/sbin:/sbin:/usr/local/git/bin:/usr/local/sbin:/usr/local/bin:/usr/bin:/bin:/usr/sbin:/sbin:/usr/local/git/bin:/Users/eran/.rvm/bin:/Users/eran/.rvm/bin
10 verbose lifecycle todo-widget@1.0.0~start: CWD: /Users/eran/Downloads/to-do-widget-micro-service
11 silly lifecycle todo-widget@1.0.0~start: Args: [ '-c', 'node app.js' ]
12 silly lifecycle todo-widget@1.0.0~start: Returned: code: 1  signal: null
13 info lifecycle todo-widget@1.0.0~start: Failed to exec start script
14 verbose stack Error: todo-widget@1.0.0 start: `node app.js`
14 verbose stack Exit status 1
14 verbose stack     at EventEmitter.<anonymous> (/Users/eran/.nvm/versions/node/v5.9.0/lib/node_modules/npm/lib/utils/lifecycle.js:239:16)
14 verbose stack     at emitTwo (events.js:100:13)
14 verbose stack     at EventEmitter.emit (events.js:185:7)
14 verbose stack     at ChildProcess.<anonymous> (/Users/eran/.nvm/versions/node/v5.9.0/lib/node_modules/npm/lib/utils/spawn.js:24:14)
14 verbose stack     at emitTwo (events.js:100:13)
14 verbose stack     at ChildProcess.emit (events.js:185:7)
14 verbose stack     at maybeClose (internal/child_process.js:850:16)
14 verbose stack     at Process.ChildProcess._handle.onexit (internal/child_process.js:215:5)
15 verbose pkgid todo-widget@1.0.0
16 verbose cwd /Users/eran/Downloads/to-do-widget-micro-service/api-service
17 error Darwin 15.5.0
18 error argv "/Users/eran/.nvm/versions/node/v5.9.0/bin/node" "/Users/eran/.nvm/versions/node/v5.9.0/bin/npm" "run" "start"
19 error node v5.9.0
20 error npm  v3.7.3
21 error code ELIFECYCLE
22 error todo-widget@1.0.0 start: `node app.js`
22 error Exit status 1
23 error Failed at the todo-widget@1.0.0 start script 'node app.js'.
23 error Make sure you have the latest version of node.js and npm installed.
23 error If you do, this is most likely a problem with the todo-widget package,
23 error not with npm itself.
23 error Tell the author that this fails on your system:
23 error     node app.js
23 error You can get information on how to open an issue for this project with:
23 error     npm bugs todo-widget
23 error Or if that isn't available, you can get their info via:
23 error     npm owner ls todo-widget
23 error There is likely additional logging output above.
24 verbose exit [ 1, true ]
